<?xml version="1.0" encoding="UTF-8"?>
<!-- Generated by org.testng.reporters.JUnitReportReporter -->
<testsuite hostname="JayaprakashsMBP.lan" failures="0" tests="1" name="testCases.TC_001_AccountRegistrationtest" time="1.133" errors="0" timestamp="2022-11-14T22:00:31 CST" skipped="0">
  <testcase classname="testCases.TC_001_AccountRegistrationtest" name="test_account_registration" time="1.133"/>
  <system-out/>
</testsuite> <!-- testCases.TC_001_AccountRegistrationtest -->
