<?xml version="1.0" encoding="UTF-8"?>
<!-- Generated by org.testng.reporters.JUnitReportReporter -->
<testsuite hostname="JayaprakashsMBP.lan" failures="0" tests="1" name="testCases.TC_002_Logintest" time="0.734" errors="0" timestamp="2022-11-15T22:44:12 CST" skipped="0">
  <testcase classname="testCases.TC_002_Logintest" name="test_Login" time="0.734"/>
  <system-out/>
</testsuite> <!-- testCases.TC_002_Logintest -->
