<?xml version="1.0" encoding="UTF-8"?>
<!-- Generated by org.testng.reporters.JUnitReportReporter -->
<testsuite hostname="JayaprakashsMBP.lan" failures="0" tests="1" name="testCases.TC_001_AccountRegistrationtest" time="6.087" errors="0" timestamp="2022-11-15T22:44:12 CST" skipped="0">
  <testcase classname="testCases.TC_001_AccountRegistrationtest" name="test_account_registration" time="6.087"/>
  <system-out/>
</testsuite> <!-- testCases.TC_001_AccountRegistrationtest -->
